<?xml version="1.0" encoding="UTF-8"?><testsuite failures="0" name="cucumber.runtime.formatter.JUnitFormatter" skipped="0" tests="1" time="26.90105">
<testcase classname="Workspace Login" name="Login with Existing Token login" time="26.90105">
<system-out><![CDATA[Given User is in workspace..................................................passed
When User click the SKIP button to skip the profile.........................passed
And User click the Explore our resources and Dashboard link.................passed
And User click the Token Login link.........................................passed
And User enter Token login id...............................................passed
And User click the Submit button............................................passed
Then User enter in to workspace with Log out button.........................passed
]]></system-out>
</testcase>
</testsuite>
